# JRE version: OpenJDK Runtime Environment (8.0_152-b06) (build 1.8.0_152-release-1136-b06)
# Java VM: OpenJDK 64-Bit Server VM (25.152-b06 mixed mode windows-amd64 compressed oops)
Heap:
 PSYoungGen      total 126976K, used 36952K [0x00000000e0000000, 0x00000000ea480000, 0x0000000100000000)
  eden space 120832K, 30% used [0x00000000e0000000,0x00000000e2416290,0x00000000e7600000)
  from space 6144K, 0% used [0x00000000e8200000,0x00000000e8200000,0x00000000e8800000)
  to   space 12288K, 0% used [0x00000000e7600000,0x00000000e7600000,0x00000000e8200000)
 ParOldGen       total 36352K, used 15836K [0x00000000a0000000, 0x00000000a2380000, 0x00000000e0000000)
  object space 36352K, 43% used [0x00000000a0000000,0x00000000a0f773b0,0x00000000a2380000)
 Metaspace       used 37644K, capacity 38382K, committed 38528K, reserved 1083392K
  class space    used 5173K, capacity 5456K, committed 5504K, reserved 1048576K
GC Heap History (10 events):
Event: 7.751 GC heap before
{Heap before GC invocations=8 (full 1):
 PSYoungGen      total 69632K, used 6343K [0x00000000e0000000, 0x00000000e8a00000, 0x0000000100000000)
  eden space 62464K, 0% used [0x00000000e0000000,0x00000000e0000000,0x00000000e3d00000)
  from space 7168K, 88% used [0x00000000e3d00000,0x00000000e4331c40,0x00000000e4400000)
  to   space 8192K, 0% used [0x00000000e8200000,0x00000000e8200000,0x00000000e8a00000)
 ParOldGen       total 42496K, used 6964K [0x00000000a0000000, 0x00000000a2980000, 0x00000000e0000000)
  object space 42496K, 16% used [0x00000000a0000000,0x00000000a06cd0d8,0x00000000a2980000)
 Metaspace       used 20805K, capacity 21200K, committed 21248K, reserved 1067008K
  class space    used 2906K, capacity 3039K, committed 3072K, reserved 1048576K
Event: 7.890 GC heap after
Heap after GC invocations=8 (full 1):
 PSYoungGen      total 69632K, used 0K [0x00000000e0000000, 0x00000000e8a00000, 0x0000000100000000)
  eden space 62464K, 0% used [0x00000000e0000000,0x00000000e0000000,0x00000000e3d00000)
  from space 7168K, 0% used [0x00000000e3d00000,0x00000000e3d00000,0x00000000e4400000)
  to   space 8192K, 0% used [0x00000000e8200000,0x00000000e8200000,0x00000000e8a00000)
 ParOldGen       total 36352K, used 10899K [0x00000000a0000000, 0x00000000a2380000, 0x00000000e0000000)
  object space 36352K, 29% used [0x00000000a0000000,0x00000000a0aa4d18,0x00000000a2380000)
 Metaspace       used 20805K, capacity 21200K, committed 21248K, reserved 1067008K
  class space    used 2906K, capacity 3039K, committed 3072K, reserved 1048576K
}
Event: 10.236 GC heap before
{Heap before GC invocations=9 (full 1):
 PSYoungGen      total 69632K, used 62464K [0x00000000e0000000, 0x00000000e8a00000, 0x0000000100000000)
  eden space 62464K, 100% used [0x00000000e0000000,0x00000000e3d00000,0x00000000e3d00000)
  from space 7168K, 0% used [0x00000000e3d00000,0x00000000e3d00000,0x00000000e4400000)
  to   space 8192K, 0% used [0x00000000e8200000,0x00000000e8200000,0x00000000e8a00000)
 ParOldGen       total 36352K, used 10899K [0x00000000a0000000, 0x00000000a2380000, 0x00000000e0000000)
  object space 36352K, 29% used [0x00000000a0000000,0x00000000a0aa4d18,0x00000000a2380000)
 Metaspace       used 25782K, capacity 26194K, committed 26368K, reserved 1071104K
  class space    used 3605K, capacity 3759K, committed 3840K, reserved 1048576K
Event: 10.290 GC heap after
Heap after GC invocations=9 (full 1):
 PSYoungGen      total 107520K, used 6127K [0x00000000e0000000, 0x00000000e8800000, 0x0000000100000000)
  eden space 101376K, 0% used [0x00000000e0000000,0x00000000e0000000,0x00000000e6300000)
  from space 6144K, 99% used [0x00000000e8200000,0x00000000e87fbde8,0x00000000e8800000)
  to   space 8192K, 0% used [0x00000000e7800000,0x00000000e7800000,0x00000000e8000000)
 ParOldGen       total 36352K, used 10907K [0x00000000a0000000, 0x00000000a2380000, 0x00000000e0000000)
  object space 36352K, 30% used [0x00000000a0000000,0x00000000a0aa6d18,0x00000000a2380000)
 Metaspace       used 25782K, capacity 26194K, committed 26368K, reserved 1071104K
  class space    used 3605K, capacity 3759K, committed 3840K, reserved 1048576K
}
Event: 14.582 GC heap before
{Heap before GC invocations=10 (full 1):
 PSYoungGen      total 107520K, used 107503K [0x00000000e0000000, 0x00000000e8800000, 0x0000000100000000)
  eden space 101376K, 100% used [0x00000000e0000000,0x00000000e6300000,0x00000000e6300000)
  from space 6144K, 99% used [0x00000000e8200000,0x00000000e87fbde8,0x00000000e8800000)
  to   space 8192K, 0% used [0x00000000e7800000,0x00000000e7800000,0x00000000e8000000)
 ParOldGen       total 36352K, used 10907K [0x00000000a0000000, 0x00000000a2380000, 0x00000000e0000000)
  object space 36352K, 30% used [0x00000000a0000000,0x00000000a0aa6d18,0x00000000a2380000)
 Metaspace       used 32249K, capacity 32902K, committed 33280K, reserved 1077248K
  class space    used 4523K, capacity 4757K, committed 4864K, reserved 1048576K
Event: 14.935 GC heap after
Heap after GC invocations=10 (full 1):
 PSYoungGen      total 109568K, used 8176K [0x00000000e0000000, 0x00000000e8800000, 0x0000000100000000)
  eden space 101376K, 0% used [0x00000000e0000000,0x00000000e0000000,0x00000000e6300000)
  from space 8192K, 99% used [0x00000000e7800000,0x00000000e7ffc030,0x00000000e8000000)
  to   space 6144K, 0% used [0x00000000e8200000,0x00000000e8200000,0x00000000e8800000)
 ParOldGen       total 36352K, used 15524K [0x00000000a0000000, 0x00000000a2380000, 0x00000000e0000000)
  object space 36352K, 42% used [0x00000000a0000000,0x00000000a0f292d8,0x00000000a2380000)
 Metaspace       used 32249K, capacity 32902K, committed 33280K, reserved 1077248K
  class space    used 4523K, capacity 4757K, committed 4864K, reserved 1048576K
}
Event: 15.595 GC heap before
{Heap before GC invocations=11 (full 1):
 PSYoungGen      total 109568K, used 18972K [0x00000000e0000000, 0x00000000e8800000, 0x0000000100000000)
  eden space 101376K, 10% used [0x00000000e0000000,0x00000000e0a8b1d0,0x00000000e6300000)
  from space 8192K, 99% used [0x00000000e7800000,0x00000000e7ffc030,0x00000000e8000000)
  to   space 6144K, 0% used [0x00000000e8200000,0x00000000e8200000,0x00000000e8800000)
 ParOldGen       total 36352K, used 15524K [0x00000000a0000000, 0x00000000a2380000, 0x00000000e0000000)
  object space 36352K, 42% used [0x00000000a0000000,0x00000000a0f292d8,0x00000000a2380000)
 Metaspace       used 34600K, capacity 35286K, committed 35416K, reserved 1079296K
  class space    used 4849K, capacity 5084K, committed 5120K, reserved 1048576K
Event: 15.620 GC heap after
Heap after GC invocations=11 (full 1):
 PSYoungGen      total 126976K, used 6128K [0x00000000e0000000, 0x00000000ea480000, 0x0000000100000000)
  eden space 120832K, 0% used [0x00000000e0000000,0x00000000e0000000,0x00000000e7600000)
  from space 6144K, 99% used [0x00000000e8200000,0x00000000e87fc010,0x00000000e8800000)
  to   space 12288K, 0% used [0x00000000e7600000,0x00000000e7600000,0x00000000e8200000)
 ParOldGen       total 36352K, used 18669K [0x00000000a0000000, 0x00000000a2380000, 0x00000000e0000000)
  object space 36352K, 51% used [0x00000000a0000000,0x00000000a123b7f0,0x00000000a2380000)
 Metaspace       used 34600K, capacity 35286K, committed 35416K, reserved 1079296K
  class space    used 4849K, capacity 5084K, committed 5120K, reserved 1048576K
}
Event: 15.620 GC heap before
{Heap before GC invocations=12 (full 2):
 PSYoungGen      total 126976K, used 6128K [0x00000000e0000000, 0x00000000ea480000, 0x0000000100000000)
  eden space 120832K, 0% used [0x00000000e0000000,0x00000000e0000000,0x00000000e7600000)
  from space 6144K, 99% used [0x00000000e8200000,0x00000000e87fc010,0x00000000e8800000)
  to   space 12288K, 0% used [0x00000000e7600000,0x00000000e7600000,0x00000000e8200000)
 ParOldGen       total 36352K, used 18669K [0x00000000a0000000, 0x00000000a2380000, 0x00000000e0000000)
  object space 36352K, 51% used [0x00000000a0000000,0x00000000a123b7f0,0x00000000a2380000)
 Metaspace       used 34600K, capacity 35286K, committed 35416K, reserved 1079296K
  class space    used 4849K, capacity 5084K, committed 5120K, reserved 1048576K
Event: 15.866 GC heap after
Heap after GC invocations=12 (full 2):
 PSYoungGen      total 126976K, used 0K [0x00000000e0000000, 0x00000000ea480000, 0x0000000100000000)
  eden space 120832K, 0% used [0x00000000e0000000,0x00000000e0000000,0x00000000e7600000)
  from space 6144K, 0% used [0x00000000e8200000,0x00000000e8200000,0x00000000e8800000)
  to   space 12288K, 0% used [0x00000000e7600000,0x00000000e7600000,0x00000000e8200000)
 ParOldGen       total 36352K, used 15836K [0x00000000a0000000, 0x00000000a2380000, 0x00000000e0000000)
  object space 36352K, 43% used [0x00000000a0000000,0x00000000a0f773b0,0x00000000a2380000)
 Metaspace       used 34600K, capacity 35286K, committed 35416K, reserved 1079296K
  class space    used 4849K, capacity 5084K, committed 5120K, reserved 1048576K
}

