# JRE version: OpenJDK Runtime Environment (8.0_152-b06) (build 1.8.0_152-release-1136-b06)
# Java VM: OpenJDK 64-Bit Server VM (25.152-b06 mixed mode windows-amd64 compressed oops)
Heap:
 PSYoungGen      total 92672K, used 16038K [0x00000000e0000000, 0x00000000e6500000, 0x0000000100000000)
  eden space 81920K, 9% used [0x00000000e0000000,0x00000000e0781ed8,0x00000000e5000000)
  from space 10752K, 77% used [0x00000000e5000000,0x00000000e5827970,0x00000000e5a80000)
  to   space 9728K, 0% used [0x00000000e5a80000,0x00000000e5a80000,0x00000000e6400000)
 ParOldGen       total 54784K, used 17829K [0x00000000a0000000, 0x00000000a3580000, 0x00000000e0000000)
  object space 54784K, 32% used [0x00000000a0000000,0x00000000a1169418,0x00000000a3580000)
 Metaspace       used 40851K, capacity 41680K, committed 41984K, reserved 1085440K
  class space    used 5552K, capacity 5821K, committed 5888K, reserved 1048576K
GC Heap History (10 events):
Event: 10.412 GC heap before
{Heap before GC invocations=9 (full 1):
 PSYoungGen      total 69632K, used 62464K [0x00000000e0000000, 0x00000000e4c00000, 0x0000000100000000)
  eden space 62464K, 100% used [0x00000000e0000000,0x00000000e3d00000,0x00000000e3d00000)
  from space 7168K, 0% used [0x00000000e3d00000,0x00000000e3d00000,0x00000000e4400000)
  to   space 6144K, 0% used [0x00000000e4400000,0x00000000e4400000,0x00000000e4a00000)
 ParOldGen       total 36352K, used 10890K [0x00000000a0000000, 0x00000000a2380000, 0x00000000e0000000)
  object space 36352K, 29% used [0x00000000a0000000,0x00000000a0aa2818,0x00000000a2380000)
 Metaspace       used 25752K, capacity 26124K, committed 26368K, reserved 1071104K
  class space    used 3600K, capacity 3757K, committed 3840K, reserved 1048576K
Event: 10.444 GC heap after
Heap after GC invocations=9 (full 1):
 PSYoungGen      total 67584K, used 6059K [0x00000000e0000000, 0x00000000e7200000, 0x0000000100000000)
  eden space 61440K, 0% used [0x00000000e0000000,0x00000000e0000000,0x00000000e3c00000)
  from space 6144K, 98% used [0x00000000e4400000,0x00000000e49ead70,0x00000000e4a00000)
  to   space 8192K, 0% used [0x00000000e3c00000,0x00000000e3c00000,0x00000000e4400000)
 ParOldGen       total 36352K, used 10898K [0x00000000a0000000, 0x00000000a2380000, 0x00000000e0000000)
  object space 36352K, 29% used [0x00000000a0000000,0x00000000a0aa4818,0x00000000a2380000)
 Metaspace       used 25752K, capacity 26124K, committed 26368K, reserved 1071104K
  class space    used 3600K, capacity 3757K, committed 3840K, reserved 1048576K
}
Event: 12.683 GC heap before
{Heap before GC invocations=10 (full 1):
 PSYoungGen      total 67584K, used 67499K [0x00000000e0000000, 0x00000000e7200000, 0x0000000100000000)
  eden space 61440K, 100% used [0x00000000e0000000,0x00000000e3c00000,0x00000000e3c00000)
  from space 6144K, 98% used [0x00000000e4400000,0x00000000e49ead70,0x00000000e4a00000)
  to   space 8192K, 0% used [0x00000000e3c00000,0x00000000e3c00000,0x00000000e4400000)
 ParOldGen       total 36352K, used 10898K [0x00000000a0000000, 0x00000000a2380000, 0x00000000e0000000)
  object space 36352K, 29% used [0x00000000a0000000,0x00000000a0aa4818,0x00000000a2380000)
 Metaspace       used 29707K, capacity 30250K, committed 30592K, reserved 1075200K
  class space    used 4168K, capacity 4383K, committed 4480K, reserved 1048576K
Event: 12.714 GC heap after
Heap after GC invocations=10 (full 1):
 PSYoungGen      total 69632K, used 8176K [0x00000000e0000000, 0x00000000e6400000, 0x0000000100000000)
  eden space 61440K, 0% used [0x00000000e0000000,0x00000000e0000000,0x00000000e3c00000)
  from space 8192K, 99% used [0x00000000e3c00000,0x00000000e43fc158,0x00000000e4400000)
  to   space 9728K, 0% used [0x00000000e5a80000,0x00000000e5a80000,0x00000000e6400000)
 ParOldGen       total 36352K, used 11648K [0x00000000a0000000, 0x00000000a2380000, 0x00000000e0000000)
  object space 36352K, 32% used [0x00000000a0000000,0x00000000a0b600b0,0x00000000a2380000)
 Metaspace       used 29707K, capacity 30250K, committed 30592K, reserved 1075200K
  class space    used 4168K, capacity 4383K, committed 4480K, reserved 1048576K
}
Event: 16.084 GC heap before
{Heap before GC invocations=11 (full 1):
 PSYoungGen      total 69632K, used 56281K [0x00000000e0000000, 0x00000000e6400000, 0x0000000100000000)
  eden space 61440K, 78% used [0x00000000e0000000,0x00000000e2efa2c8,0x00000000e3c00000)
  from space 8192K, 99% used [0x00000000e3c00000,0x00000000e43fc158,0x00000000e4400000)
  to   space 9728K, 0% used [0x00000000e5a80000,0x00000000e5a80000,0x00000000e6400000)
 ParOldGen       total 36352K, used 11648K [0x00000000a0000000, 0x00000000a2380000, 0x00000000e0000000)
  object space 36352K, 32% used [0x00000000a0000000,0x00000000a0b600b0,0x00000000a2380000)
 Metaspace       used 34593K, capacity 35286K, committed 35416K, reserved 1079296K
  class space    used 4848K, capacity 5084K, committed 5120K, reserved 1048576K
Event: 16.140 GC heap after
Heap after GC invocations=11 (full 1):
 PSYoungGen      total 91648K, used 9241K [0x00000000e0000000, 0x00000000e6500000, 0x0000000100000000)
  eden space 81920K, 0% used [0x00000000e0000000,0x00000000e0000000,0x00000000e5000000)
  from space 9728K, 94% used [0x00000000e5a80000,0x00000000e6386408,0x00000000e6400000)
  to   space 10752K, 0% used [0x00000000e5000000,0x00000000e5000000,0x00000000e5a80000)
 ParOldGen       total 36352K, used 13936K [0x00000000a0000000, 0x00000000a2380000, 0x00000000e0000000)
  object space 36352K, 38% used [0x00000000a0000000,0x00000000a0d9c2c0,0x00000000a2380000)
 Metaspace       used 34593K, capacity 35286K, committed 35416K, reserved 1079296K
  class space    used 4848K, capacity 5084K, committed 5120K, reserved 1048576K
}
Event: 16.140 GC heap before
{Heap before GC invocations=12 (full 2):
 PSYoungGen      total 91648K, used 9241K [0x00000000e0000000, 0x00000000e6500000, 0x0000000100000000)
  eden space 81920K, 0% used [0x00000000e0000000,0x00000000e0000000,0x00000000e5000000)
  from space 9728K, 94% used [0x00000000e5a80000,0x00000000e6386408,0x00000000e6400000)
  to   space 10752K, 0% used [0x00000000e5000000,0x00000000e5000000,0x00000000e5a80000)
 ParOldGen       total 36352K, used 13936K [0x00000000a0000000, 0x00000000a2380000, 0x00000000e0000000)
  object space 36352K, 38% used [0x00000000a0000000,0x00000000a0d9c2c0,0x00000000a2380000)
 Metaspace       used 34593K, capacity 35286K, committed 35416K, reserved 1079296K
  class space    used 4848K, capacity 5084K, committed 5120K, reserved 1048576K
Event: 16.400 GC heap after
Heap after GC invocations=12 (full 2):
 PSYoungGen      total 91648K, used 0K [0x00000000e0000000, 0x00000000e6500000, 0x0000000100000000)
  eden space 81920K, 0% used [0x00000000e0000000,0x00000000e0000000,0x00000000e5000000)
  from space 9728K, 0% used [0x00000000e5a80000,0x00000000e5a80000,0x00000000e6400000)
  to   space 10752K, 0% used [0x00000000e5000000,0x00000000e5000000,0x00000000e5a80000)
 ParOldGen       total 54784K, used 17821K [0x00000000a0000000, 0x00000000a3580000, 0x00000000e0000000)
  object space 54784K, 32% used [0x00000000a0000000,0x00000000a1167418,0x00000000a3580000)
 Metaspace       used 34593K, capacity 35286K, committed 35416K, reserved 1079296K
  class space    used 4848K, capacity 5084K, committed 5120K, reserved 1048576K
}
Event: 18.944 GC heap before
{Heap before GC invocations=13 (full 2):
 PSYoungGen      total 91648K, used 81920K [0x00000000e0000000, 0x00000000e6500000, 0x0000000100000000)
  eden space 81920K, 100% used [0x00000000e0000000,0x00000000e5000000,0x00000000e5000000)
  from space 9728K, 0% used [0x00000000e5a80000,0x00000000e5a80000,0x00000000e6400000)
  to   space 10752K, 0% used [0x00000000e5000000,0x00000000e5000000,0x00000000e5a80000)
 ParOldGen       total 54784K, used 17821K [0x00000000a0000000, 0x00000000a3580000, 0x00000000e0000000)
  object space 54784K, 32% used [0x00000000a0000000,0x00000000a1167418,0x00000000a3580000)
 Metaspace       used 40047K, capacity 40888K, committed 41088K, reserved 1085440K
  class space    used 5468K, capacity 5753K, committed 5760K, reserved 1048576K
Event: 18.970 GC heap after
Heap after GC invocations=13 (full 2):
 PSYoungGen      total 92672K, used 8350K [0x00000000e0000000, 0x00000000e6500000, 0x0000000100000000)
  eden space 81920K, 0% used [0x00000000e0000000,0x00000000e0000000,0x00000000e5000000)
  from space 10752K, 77% used [0x00000000e5000000,0x00000000e5827970,0x00000000e5a80000)
  to   space 9728K, 0% used [0x00000000e5a80000,0x00000000e5a80000,0x00000000e6400000)
 ParOldGen       total 54784K, used 17829K [0x00000000a0000000, 0x00000000a3580000, 0x00000000e0000000)
  object space 54784K, 32% used [0x00000000a0000000,0x00000000a1169418,0x00000000a3580000)
 Metaspace       used 40047K, capacity 40888K, committed 41088K, reserved 1085440K
  class space    used 5468K, capacity 5753K, committed 5760K, reserved 1048576K
}

