# JRE version: OpenJDK Runtime Environment (8.0_152-b06) (build 1.8.0_152-release-1136-b06)
# Java VM: OpenJDK 64-Bit Server VM (25.152-b06 mixed mode windows-amd64 compressed oops)
Heap:
 PSYoungGen      total 100352K, used 57442K [0x00000000e0000000, 0x00000000e8800000, 0x0000000100000000)
  eden space 93184K, 54% used [0x00000000e0000000,0x00000000e3193fd0,0x00000000e5b00000)
  from space 7168K, 93% used [0x00000000e8100000,0x00000000e8784a20,0x00000000e8800000)
  to   space 8704K, 0% used [0x00000000e7700000,0x00000000e7700000,0x00000000e7f80000)
 ParOldGen       total 37888K, used 11033K [0x00000000a0000000, 0x00000000a2500000, 0x00000000e0000000)
  object space 37888K, 29% used [0x00000000a0000000,0x00000000a0ac65d0,0x00000000a2500000)
 Metaspace       used 29276K, capacity 29660K, committed 29952K, reserved 1075200K
  class space    used 4089K, capacity 4247K, committed 4352K, reserved 1048576K
GC Heap History (10 events):
Event: 5.769 GC heap before
{Heap before GC invocations=5 (full 0):
 PSYoungGen      total 34304K, used 34288K [0x00000000e0000000, 0x00000000e2400000, 0x0000000100000000)
  eden space 31744K, 100% used [0x00000000e0000000,0x00000000e1f00000,0x00000000e1f00000)
  from space 2560K, 99% used [0x00000000e2180000,0x00000000e23fc010,0x00000000e2400000)
  to   space 2560K, 0% used [0x00000000e1f00000,0x00000000e1f00000,0x00000000e2180000)
 ParOldGen       total 42496K, used 2397K [0x00000000a0000000, 0x00000000a2980000, 0x00000000e0000000)
  object space 42496K, 5% used [0x00000000a0000000,0x00000000a0257748,0x00000000a2980000)
 Metaspace       used 13870K, capacity 14204K, committed 14464K, reserved 1060864K
  class space    used 1929K, capacity 2060K, committed 2176K, reserved 1048576K
Event: 5.811 GC heap after
Heap after GC invocations=5 (full 0):
 PSYoungGen      total 34304K, used 2544K [0x00000000e0000000, 0x00000000e4a00000, 0x0000000100000000)
  eden space 31744K, 0% used [0x00000000e0000000,0x00000000e0000000,0x00000000e1f00000)
  from space 2560K, 99% used [0x00000000e1f00000,0x00000000e217c010,0x00000000e2180000)
  to   space 6144K, 0% used [0x00000000e4400000,0x00000000e4400000,0x00000000e4a00000)
 ParOldGen       total 42496K, used 5929K [0x00000000a0000000, 0x00000000a2980000, 0x00000000e0000000)
  object space 42496K, 13% used [0x00000000a0000000,0x00000000a05ca4c0,0x00000000a2980000)
 Metaspace       used 13870K, capacity 14204K, committed 14464K, reserved 1060864K
  class space    used 1929K, capacity 2060K, committed 2176K, reserved 1048576K
}
Event: 7.246 GC heap before
{Heap before GC invocations=6 (full 0):
 PSYoungGen      total 34304K, used 34288K [0x00000000e0000000, 0x00000000e4a00000, 0x0000000100000000)
  eden space 31744K, 100% used [0x00000000e0000000,0x00000000e1f00000,0x00000000e1f00000)
  from space 2560K, 99% used [0x00000000e1f00000,0x00000000e217c010,0x00000000e2180000)
  to   space 6144K, 0% used [0x00000000e4400000,0x00000000e4400000,0x00000000e4a00000)
 ParOldGen       total 42496K, used 5929K [0x00000000a0000000, 0x00000000a2980000, 0x00000000e0000000)
  object space 42496K, 13% used [0x00000000a0000000,0x00000000a05ca4c0,0x00000000a2980000)
 Metaspace       used 16963K, capacity 17364K, committed 17536K, reserved 1064960K
  class space    used 2453K, capacity 2576K, committed 2688K, reserved 1048576K
Event: 7.282 GC heap after
Heap after GC invocations=6 (full 0):
 PSYoungGen      total 68096K, used 6134K [0x00000000e0000000, 0x00000000e4d00000, 0x0000000100000000)
  eden space 61952K, 0% used [0x00000000e0000000,0x00000000e0000000,0x00000000e3c80000)
  from space 6144K, 99% used [0x00000000e4400000,0x00000000e49fd970,0x00000000e4a00000)
  to   space 7680K, 0% used [0x00000000e3c80000,0x00000000e3c80000,0x00000000e4400000)
 ParOldGen       total 42496K, used 6255K [0x00000000a0000000, 0x00000000a2980000, 0x00000000e0000000)
  object space 42496K, 14% used [0x00000000a0000000,0x00000000a061bc78,0x00000000a2980000)
 Metaspace       used 16963K, capacity 17364K, committed 17536K, reserved 1064960K
  class space    used 2453K, capacity 2576K, committed 2688K, reserved 1048576K
}
Event: 8.718 GC heap before
{Heap before GC invocations=7 (full 0):
 PSYoungGen      total 68096K, used 28156K [0x00000000e0000000, 0x00000000e4d00000, 0x0000000100000000)
  eden space 61952K, 35% used [0x00000000e0000000,0x00000000e1581898,0x00000000e3c80000)
  from space 6144K, 99% used [0x00000000e4400000,0x00000000e49fd970,0x00000000e4a00000)
  to   space 7680K, 0% used [0x00000000e3c80000,0x00000000e3c80000,0x00000000e4400000)
 ParOldGen       total 42496K, used 6255K [0x00000000a0000000, 0x00000000a2980000, 0x00000000e0000000)
  object space 42496K, 14% used [0x00000000a0000000,0x00000000a061bc78,0x00000000a2980000)
 Metaspace       used 20872K, capacity 21244K, committed 21248K, reserved 1067008K
  class space    used 2921K, capacity 3072K, committed 3072K, reserved 1048576K
Event: 8.746 GC heap after
Heap after GC invocations=7 (full 0):
 PSYoungGen      total 69632K, used 6334K [0x00000000e0000000, 0x00000000e8900000, 0x0000000100000000)
  eden space 61952K, 0% used [0x00000000e0000000,0x00000000e0000000,0x00000000e3c80000)
  from space 7680K, 82% used [0x00000000e3c80000,0x00000000e42afaa0,0x00000000e4400000)
  to   space 8192K, 0% used [0x00000000e8100000,0x00000000e8100000,0x00000000e8900000)
 ParOldGen       total 42496K, used 7007K [0x00000000a0000000, 0x00000000a2980000, 0x00000000e0000000)
  object space 42496K, 16% used [0x00000000a0000000,0x00000000a06d7cb8,0x00000000a2980000)
 Metaspace       used 20872K, capacity 21244K, committed 21248K, reserved 1067008K
  class space    used 2921K, capacity 3072K, committed 3072K, reserved 1048576K
}
Event: 8.746 GC heap before
{Heap before GC invocations=8 (full 1):
 PSYoungGen      total 69632K, used 6334K [0x00000000e0000000, 0x00000000e8900000, 0x0000000100000000)
  eden space 61952K, 0% used [0x00000000e0000000,0x00000000e0000000,0x00000000e3c80000)
  from space 7680K, 82% used [0x00000000e3c80000,0x00000000e42afaa0,0x00000000e4400000)
  to   space 8192K, 0% used [0x00000000e8100000,0x00000000e8100000,0x00000000e8900000)
 ParOldGen       total 42496K, used 7007K [0x00000000a0000000, 0x00000000a2980000, 0x00000000e0000000)
  object space 42496K, 16% used [0x00000000a0000000,0x00000000a06d7cb8,0x00000000a2980000)
 Metaspace       used 20872K, capacity 21244K, committed 21248K, reserved 1067008K
  class space    used 2921K, capacity 3072K, committed 3072K, reserved 1048576K
Event: 8.896 GC heap after
Heap after GC invocations=8 (full 1):
 PSYoungGen      total 69632K, used 0K [0x00000000e0000000, 0x00000000e8900000, 0x0000000100000000)
  eden space 61952K, 0% used [0x00000000e0000000,0x00000000e0000000,0x00000000e3c80000)
  from space 7680K, 0% used [0x00000000e3c80000,0x00000000e3c80000,0x00000000e4400000)
  to   space 8192K, 0% used [0x00000000e8100000,0x00000000e8100000,0x00000000e8900000)
 ParOldGen       total 37888K, used 11025K [0x00000000a0000000, 0x00000000a2500000, 0x00000000e0000000)
  object space 37888K, 29% used [0x00000000a0000000,0x00000000a0ac45d0,0x00000000a2500000)
 Metaspace       used 20872K, capacity 21244K, committed 21248K, reserved 1067008K
  class space    used 2921K, capacity 3072K, committed 3072K, reserved 1048576K
}
Event: 13.246 GC heap before
{Heap before GC invocations=9 (full 1):
 PSYoungGen      total 69632K, used 61952K [0x00000000e0000000, 0x00000000e8900000, 0x0000000100000000)
  eden space 61952K, 100% used [0x00000000e0000000,0x00000000e3c80000,0x00000000e3c80000)
  from space 7680K, 0% used [0x00000000e3c80000,0x00000000e3c80000,0x00000000e4400000)
  to   space 8192K, 0% used [0x00000000e8100000,0x00000000e8100000,0x00000000e8900000)
 ParOldGen       total 37888K, used 11025K [0x00000000a0000000, 0x00000000a2500000, 0x00000000e0000000)
  object space 37888K, 29% used [0x00000000a0000000,0x00000000a0ac45d0,0x00000000a2500000)
 Metaspace       used 26541K, capacity 26966K, committed 27136K, reserved 1073152K
  class space    used 3630K, capacity 3797K, committed 3840K, reserved 1048576K
Event: 13.283 GC heap after
Heap after GC invocations=9 (full 1):
 PSYoungGen      total 100352K, used 6674K [0x00000000e0000000, 0x00000000e8800000, 0x0000000100000000)
  eden space 93184K, 0% used [0x00000000e0000000,0x00000000e0000000,0x00000000e5b00000)
  from space 7168K, 93% used [0x00000000e8100000,0x00000000e8784a20,0x00000000e8800000)
  to   space 8704K, 0% used [0x00000000e7700000,0x00000000e7700000,0x00000000e7f80000)
 ParOldGen       total 37888K, used 11033K [0x00000000a0000000, 0x00000000a2500000, 0x00000000e0000000)
  object space 37888K, 29% used [0x00000000a0000000,0x00000000a0ac65d0,0x00000000a2500000)
 Metaspace       used 26541K, capacity 26966K, committed 27136K, reserved 1073152K
  class space    used 3630K, capacity 3797K, committed 3840K, reserved 1048576K
}

