# JRE version: OpenJDK Runtime Environment (8.0_152-b06) (build 1.8.0_152-release-1136-b06)
# Java VM: OpenJDK 64-Bit Server VM (25.152-b06 mixed mode windows-amd64 compressed oops)
Heap:
 PSYoungGen      total 176640K, used 119540K [0x00000000e0000000, 0x00000000ebd00000, 0x0000000100000000)
  eden space 162304K, 66% used [0x00000000e0000000,0x00000000e68f30b0,0x00000000e9e80000)
  from space 14336K, 84% used [0x00000000ead80000,0x00000000eb94a0c8,0x00000000ebb80000)
  to   space 15360K, 0% used [0x00000000e9e80000,0x00000000e9e80000,0x00000000ead80000)
 ParOldGen       total 55808K, used 29720K [0x00000000a0000000, 0x00000000a3680000, 0x00000000e0000000)
  object space 55808K, 53% used [0x00000000a0000000,0x00000000a1d06148,0x00000000a3680000)
 Metaspace       used 56305K, capacity 58088K, committed 58368K, reserved 1099776K
  class space    used 7706K, capacity 8160K, committed 8192K, reserved 1048576K
GC Heap History (10 events):
Event: 14.975 GC heap before
{Heap before GC invocations=10 (full 1):
 PSYoungGen      total 102912K, used 102907K [0x00000000e0000000, 0x00000000e8800000, 0x0000000100000000)
  eden space 96768K, 100% used [0x00000000e0000000,0x00000000e5e80000,0x00000000e5e80000)
  from space 6144K, 99% used [0x00000000e8200000,0x00000000e87fed60,0x00000000e8800000)
  to   space 8192K, 0% used [0x00000000e7800000,0x00000000e7800000,0x00000000e8000000)
 ParOldGen       total 37376K, used 10916K [0x00000000a0000000, 0x00000000a2480000, 0x00000000e0000000)
  object space 37376K, 29% used [0x00000000a0000000,0x00000000a0aa93b8,0x00000000a2480000)
 Metaspace       used 31388K, capacity 31982K, committed 32128K, reserved 1077248K
  class space    used 4409K, capacity 4618K, committed 4736K, reserved 1048576K
Event: 15.038 GC heap after
Heap after GC invocations=10 (full 1):
 PSYoungGen      total 131072K, used 8163K [0x00000000e0000000, 0x00000000e9100000, 0x0000000100000000)
  eden space 122880K, 0% used [0x00000000e0000000,0x00000000e0000000,0x00000000e7800000)
  from space 8192K, 99% used [0x00000000e7800000,0x00000000e7ff8fa8,0x00000000e8000000)
  to   space 10752K, 0% used [0x00000000e8680000,0x00000000e8680000,0x00000000e9100000)
 ParOldGen       total 37376K, used 14665K [0x00000000a0000000, 0x00000000a2480000, 0x00000000e0000000)
  object space 37376K, 39% used [0x00000000a0000000,0x00000000a0e52448,0x00000000a2480000)
 Metaspace       used 31388K, capacity 31982K, committed 32128K, reserved 1077248K
  class space    used 4409K, capacity 4618K, committed 4736K, reserved 1048576K
}
Event: 16.095 GC heap before
{Heap before GC invocations=11 (full 1):
 PSYoungGen      total 131072K, used 25968K [0x00000000e0000000, 0x00000000e9100000, 0x0000000100000000)
  eden space 122880K, 14% used [0x00000000e0000000,0x00000000e1163068,0x00000000e7800000)
  from space 8192K, 99% used [0x00000000e7800000,0x00000000e7ff8fa8,0x00000000e8000000)
  to   space 10752K, 0% used [0x00000000e8680000,0x00000000e8680000,0x00000000e9100000)
 ParOldGen       total 37376K, used 14665K [0x00000000a0000000, 0x00000000a2480000, 0x00000000e0000000)
  object space 37376K, 39% used [0x00000000a0000000,0x00000000a0e52448,0x00000000a2480000)
 Metaspace       used 34580K, capacity 35318K, committed 35416K, reserved 1079296K
  class space    used 4845K, capacity 5116K, committed 5120K, reserved 1048576K
Event: 16.133 GC heap after
Heap after GC invocations=11 (full 1):
 PSYoungGen      total 137216K, used 7669K [0x00000000e0000000, 0x00000000eb580000, 0x0000000100000000)
  eden space 126464K, 0% used [0x00000000e0000000,0x00000000e0000000,0x00000000e7b80000)
  from space 10752K, 71% used [0x00000000e8680000,0x00000000e8dfd5e8,0x00000000e9100000)
  to   space 11264K, 0% used [0x00000000e7b80000,0x00000000e7b80000,0x00000000e8680000)
 ParOldGen       total 37376K, used 17014K [0x00000000a0000000, 0x00000000a2480000, 0x00000000e0000000)
  object space 37376K, 45% used [0x00000000a0000000,0x00000000a109da88,0x00000000a2480000)
 Metaspace       used 34580K, capacity 35318K, committed 35416K, reserved 1079296K
  class space    used 4845K, capacity 5116K, committed 5120K, reserved 1048576K
}
Event: 16.134 GC heap before
{Heap before GC invocations=12 (full 2):
 PSYoungGen      total 137216K, used 7669K [0x00000000e0000000, 0x00000000eb580000, 0x0000000100000000)
  eden space 126464K, 0% used [0x00000000e0000000,0x00000000e0000000,0x00000000e7b80000)
  from space 10752K, 71% used [0x00000000e8680000,0x00000000e8dfd5e8,0x00000000e9100000)
  to   space 11264K, 0% used [0x00000000e7b80000,0x00000000e7b80000,0x00000000e8680000)
 ParOldGen       total 37376K, used 17014K [0x00000000a0000000, 0x00000000a2480000, 0x00000000e0000000)
  object space 37376K, 45% used [0x00000000a0000000,0x00000000a109da88,0x00000000a2480000)
 Metaspace       used 34580K, capacity 35318K, committed 35416K, reserved 1079296K
  class space    used 4845K, capacity 5116K, committed 5120K, reserved 1048576K
Event: 16.373 GC heap after
Heap after GC invocations=12 (full 2):
 PSYoungGen      total 137216K, used 0K [0x00000000e0000000, 0x00000000eb580000, 0x0000000100000000)
  eden space 126464K, 0% used [0x00000000e0000000,0x00000000e0000000,0x00000000e7b80000)
  from space 10752K, 0% used [0x00000000e8680000,0x00000000e8680000,0x00000000e9100000)
  to   space 11264K, 0% used [0x00000000e7b80000,0x00000000e7b80000,0x00000000e8680000)
 ParOldGen       total 55808K, used 16467K [0x00000000a0000000, 0x00000000a3680000, 0x00000000e0000000)
  object space 55808K, 29% used [0x00000000a0000000,0x00000000a1014e50,0x00000000a3680000)
 Metaspace       used 34580K, capacity 35318K, committed 35416K, reserved 1079296K
  class space    used 4845K, capacity 5116K, committed 5120K, reserved 1048576K
}
Event: 22.091 GC heap before
{Heap before GC invocations=13 (full 2):
 PSYoungGen      total 137216K, used 126464K [0x00000000e0000000, 0x00000000eb580000, 0x0000000100000000)
  eden space 126464K, 100% used [0x00000000e0000000,0x00000000e7b80000,0x00000000e7b80000)
  from space 10752K, 0% used [0x00000000e8680000,0x00000000e8680000,0x00000000e9100000)
  to   space 11264K, 0% used [0x00000000e7b80000,0x00000000e7b80000,0x00000000e8680000)
 ParOldGen       total 55808K, used 16467K [0x00000000a0000000, 0x00000000a3680000, 0x00000000e0000000)
  object space 55808K, 29% used [0x00000000a0000000,0x00000000a1014e50,0x00000000a3680000)
 Metaspace       used 43012K, capacity 44018K, committed 44416K, reserved 1087488K
  class space    used 5839K, capacity 6169K, committed 6272K, reserved 1048576K
Event: 22.174 GC heap after
Heap after GC invocations=13 (full 2):
 PSYoungGen      total 137728K, used 11240K [0x00000000e0000000, 0x00000000ebb80000, 0x0000000100000000)
  eden space 126464K, 0% used [0x00000000e0000000,0x00000000e0000000,0x00000000e7b80000)
  from space 11264K, 99% used [0x00000000e7b80000,0x00000000e867a2c8,0x00000000e8680000)
  to   space 14336K, 0% used [0x00000000ead80000,0x00000000ead80000,0x00000000ebb80000)
 ParOldGen       total 55808K, used 20388K [0x00000000a0000000, 0x00000000a3680000, 0x00000000e0000000)
  object space 55808K, 36% used [0x00000000a0000000,0x00000000a13e91e0,0x00000000a3680000)
 Metaspace       used 43012K, capacity 44018K, committed 44416K, reserved 1087488K
  class space    used 5839K, capacity 6169K, committed 6272K, reserved 1048576K
}
Event: 28.034 GC heap before
{Heap before GC invocations=14 (full 2):
 PSYoungGen      total 137728K, used 137704K [0x00000000e0000000, 0x00000000ebb80000, 0x0000000100000000)
  eden space 126464K, 100% used [0x00000000e0000000,0x00000000e7b80000,0x00000000e7b80000)
  from space 11264K, 99% used [0x00000000e7b80000,0x00000000e867a2c8,0x00000000e8680000)
  to   space 14336K, 0% used [0x00000000ead80000,0x00000000ead80000,0x00000000ebb80000)
 ParOldGen       total 55808K, used 20388K [0x00000000a0000000, 0x00000000a3680000, 0x00000000e0000000)
  object space 55808K, 36% used [0x00000000a0000000,0x00000000a13e91e0,0x00000000a3680000)
 Metaspace       used 54377K, capacity 56100K, committed 56320K, reserved 1097728K
  class space    used 7419K, capacity 7854K, committed 7936K, reserved 1048576K
Event: 28.152 GC heap after
Heap after GC invocations=14 (full 2):
 PSYoungGen      total 176640K, used 12072K [0x00000000e0000000, 0x00000000ebd00000, 0x0000000100000000)
  eden space 162304K, 0% used [0x00000000e0000000,0x00000000e0000000,0x00000000e9e80000)
  from space 14336K, 84% used [0x00000000ead80000,0x00000000eb94a0c8,0x00000000ebb80000)
  to   space 15360K, 0% used [0x00000000e9e80000,0x00000000e9e80000,0x00000000ead80000)
 ParOldGen       total 55808K, used 29720K [0x00000000a0000000, 0x00000000a3680000, 0x00000000e0000000)
  object space 55808K, 53% used [0x00000000a0000000,0x00000000a1d06148,0x00000000a3680000)
 Metaspace       used 54377K, capacity 56100K, committed 56320K, reserved 1097728K
  class space    used 7419K, capacity 7854K, committed 7936K, reserved 1048576K
}

